02:23:23 PM: DEBUG [logger_base.py:14] Mensaje a nivel DEBUG
02:23:23 PM: INFO [logger_base.py:15] Mensaje a nivel INFO
02:23:23 PM: WARNING [logger_base.py:16] Mensaje a nivel de WARNING
02:23:23 PM: ERROR [logger_base.py:17] Mensaje a nivel de ERROR
02:23:23 PM: CRITICAL [logger_base.py:18] Mensaje a nivel de CRITICAL
02:37:05 PM: DEBUG [logger_base.py:14] Mensaje a nivel DEBUG
02:37:05 PM: INFO [logger_base.py:15] Mensaje a nivel INFO
02:37:05 PM: WARNING [logger_base.py:16] Mensaje a nivel de WARNING
02:37:05 PM: ERROR [logger_base.py:17] Mensaje a nivel de ERROR
02:37:05 PM: CRITICAL [logger_base.py:18] Mensaje a nivel de CRITICAL
02:37:49 PM: DEBUG [persona.py:50] 
            Id Persona: 1,Nombre: Juan,
            Apellido: Perez, Email: jperez@mail.com
        
02:40:44 PM: DEBUG [persona.py:50] 
            Id Persona: 1,Nombre: Juan,
            Apellido: Perez, Email: jperez@mail.com
        
02:40:44 PM: DEBUG [persona.py:53] 
            Id Persona: None,Nombre: Juan,
            Apellido: Perez, Email: jperez@mail.com
        
02:41:35 PM: DEBUG [persona.py:50] 
            Id Persona: 1,Nombre: Juan,
            Apellido: Perez, Email: jperez@mail.com
        
02:41:35 PM: DEBUG [persona.py:53] 
            Id Persona: None,Nombre: Juan,
            Apellido: Perez, Email: jperez@mail.com
        
02:41:35 PM: DEBUG [persona.py:56] 
            Id Persona: 1,Nombre: None,
            Apellido: None, Email: None
        
03:01:13 PM: DEBUG [conexion.py:23] Conexión Exitosa: <connection object at 0x0000023A6913C9D0; dsn: 'user=postgres password=xxx dbname=test_db host=127.0.0.1 port=5432', closed: 0>
03:01:32 PM: ERROR [conexion.py:26] Ocurrió una excepción al obtener la conexción: connection to server at "127.0.0.1", port 5432 failed: FATAL:  password authentication failed for user "postgres1"

03:11:09 PM: DEBUG [conexion.py:23] Conexión Exitosa: <connection object at 0x000001E7C477C9D0; dsn: 'user=postgres password=xxx dbname=test_db host=127.0.0.1 port=5432', closed: 0>
03:11:09 PM: DEBUG [conexion.py:35] Se abrió correctamente el cursor: <cursor object at 0x000001E7C6646660; closed: 0>
03:11:09 PM: DEBUG [personaDao.py:25] 
            Id Persona: 1,Nombre: Silvina,
            Apellido: Geromini, Email: silvinageromini@hotmail.es

        
03:11:09 PM: DEBUG [personaDao.py:25] 
            Id Persona: 2,Nombre: Agustin,
            Apellido: Ranea, Email: raa248373@gmail.com
        
03:11:09 PM: DEBUG [personaDao.py:25] 
            Id Persona: 3,Nombre: Milagros,
            Apellido: Ranea, Email: milagrosranea@gmail.com
        
03:11:09 PM: DEBUG [personaDao.py:25] 
            Id Persona: 4,Nombre: Miguel,
            Apellido: Ranea, Email: ingenieroagus@yahoo.com.ar
        
03:17:04 PM: DEBUG [conexion.py:23] Conexión Exitosa: <connection object at 0x0000024C4AC4C9D0; dsn: 'user=postgres password=xxx dbname=test_db host=127.0.0.1 port=5432', closed: 0>
03:18:29 PM: DEBUG [conexion.py:23] Conexión Exitosa: <connection object at 0x00000212500CC9D0; dsn: 'user=postgres password=xxx dbname=test_db host=127.0.0.1 port=5432', closed: 0>
03:18:38 PM: DEBUG [conexion.py:23] Conexión Exitosa: <connection object at 0x000001D1D154C9D0; dsn: 'user=postgres password=xxx dbname=test_db host=127.0.0.1 port=5432', closed: 0>
03:20:59 PM: DEBUG [conexion.py:24] Conexión Exitosa: <connection object at 0x000001C802CE06A0; dsn: 'user=postgres password=xxx dbname=test_db host=127.0.0.1 port=5432', closed: 0>
03:23:35 PM: DEBUG [conexion.py:23] Conexión Exitosa: <connection object at 0x000001BA0693C9D0; dsn: 'user=postgres password=xxx dbname=test_db host=127.0.0.1 port=5432', closed: 0>
03:23:35 PM: DEBUG [conexion.py:35] Se abrió correctamente el cursor: <cursor object at 0x000001BA08CE6740; closed: 0>
03:23:48 PM: DEBUG [conexion.py:23] Conexión Exitosa: <connection object at 0x000001FDC287C9D0; dsn: 'user=postgres password=xxx dbname=test_db host=127.0.0.1 port=5432', closed: 0>
03:23:48 PM: DEBUG [conexion.py:35] Se abrió correctamente el cursor: <cursor object at 0x000001FDC46FE3C0; closed: 0>
03:24:39 PM: DEBUG [conexion.py:23] Conexión Exitosa: <connection object at 0x000001CF79CFC9D0; dsn: 'user=postgres password=xxx dbname=test_db host=127.0.0.1 port=5432', closed: 0>
03:24:39 PM: DEBUG [conexion.py:35] Se abrió correctamente el cursor: <cursor object at 0x000001CF7BB9D3C0; closed: 0>
03:25:53 PM: DEBUG [conexion1.py:23] Conexión exitosa: <connection object at 0x000001B8E9ACC9D0; dsn: 'user=postgres password=xxx dbname=test_db host=127.0.0.1 port=5432', closed: 0>
03:25:53 PM: DEBUG [conexion1.py:36] Se abrió correctamente el cursor: <cursor object at 0x000001B8EBE56740; closed: 0>
03:26:31 PM: DEBUG [conexion.py:23] Conexión Exitosa: <connection object at 0x0000020F6713C9D0; dsn: 'user=postgres password=xxx dbname=test_db host=127.0.0.1 port=5432', closed: 0>
03:26:31 PM: DEBUG [conexion.py:35] Se abrió correctamente el cursor: <cursor object at 0x0000020F68FED2E0; closed: 0>
03:26:31 PM: DEBUG [personaDao.py:28] Persona a insertada: 
            Id Persona: None,Nombre: Pedro,
            Apellido: Najera, Email: pnajera@mail.com
        
03:26:31 PM: DEBUG [personaDao.py:35] Personas insertadas: 1
03:29:00 PM: DEBUG [conexion.py:23] Conexión Exitosa: <connection object at 0x000001DE716FC9D0; dsn: 'user=postgres password=xxx dbname=test_db host=127.0.0.1 port=5432', closed: 0>
03:29:00 PM: DEBUG [conexion.py:35] Se abrió correctamente el cursor: <cursor object at 0x000001DE73A6D3C0; closed: 0>
03:29:00 PM: DEBUG [personaDao.py:28] Persona a insertada: 
            Id Persona: None,Nombre: Pedro,
            Apellido: Najera, Email: pnajera@mail.com
        
03:29:00 PM: DEBUG [personaDao.py:35] Personas insertadas: 1
03:29:08 PM: DEBUG [conexion.py:23] Conexión Exitosa: <connection object at 0x000001BB5DD2C9D0; dsn: 'user=postgres password=xxx dbname=test_db host=127.0.0.1 port=5432', closed: 0>
03:29:08 PM: DEBUG [conexion.py:35] Se abrió correctamente el cursor: <cursor object at 0x000001BB5FBBE3C0; closed: 0>
03:29:08 PM: DEBUG [persona_dao.py:32] Persona insertada: 
            Id Persona: None,Nombre: Pedro,
            Apellido: Najera, Email: pnajera@mail.com
        
03:29:08 PM: DEBUG [persona_dao.py:39] Personas insertadas: 1
03:29:42 PM: DEBUG [conexion.py:23] Conexión Exitosa: <connection object at 0x000002324A0AC9D0; dsn: 'user=postgres password=xxx dbname=test_db host=127.0.0.1 port=5432', closed: 0>
03:29:42 PM: DEBUG [conexion.py:35] Se abrió correctamente el cursor: <cursor object at 0x000002324BF2E3C0; closed: 0>
03:29:42 PM: DEBUG [personaDao.py:28] Persona a insertada: 
            Id Persona: None,Nombre: Pedro,
            Apellido: Najera, Email: pnajera@mail.com
        
03:29:42 PM: DEBUG [personaDao.py:35] Personas insertadas: 1
03:29:58 PM: DEBUG [conexion.py:23] Conexión Exitosa: <connection object at 0x00000190C231AE10; dsn: 'user=postgres password=xxx dbname=test_db host=127.0.0.1 port=5432', closed: 0>
03:29:58 PM: DEBUG [conexion.py:35] Se abrió correctamente el cursor: <cursor object at 0x00000190C23733C0; closed: 0>
03:29:58 PM: DEBUG [personaDao.py:28] Persona a insertada: 
            Id Persona: None,Nombre: Pedro,
            Apellido: Najera, Email: pnajera@mail.com
        
03:29:58 PM: DEBUG [personaDao.py:35] Personas insertadas: 1
03:30:39 PM: DEBUG [conexion.py:23] Conexión Exitosa: <connection object at 0x000001E28FA67E10; dsn: 'user=postgres password=xxx dbname=test_db host=127.0.0.1 port=5432', closed: 0>
03:30:39 PM: DEBUG [conexion.py:35] Se abrió correctamente el cursor: <cursor object at 0x000001E28FAC13C0; closed: 0>
03:30:39 PM: DEBUG [personaDao.py:28] Persona a insertada: 
            Id Persona: None,Nombre: Pedro,
            Apellido: Najera, Email: pnajera@mail.com
        
03:30:39 PM: DEBUG [personaDao.py:35] Personas insertadas: 1
03:31:34 PM: DEBUG [conexion.py:23] Conexión Exitosa: <connection object at 0x00000228508EC9D0; dsn: 'user=postgres password=xxx dbname=test_db host=127.0.0.1 port=5432', closed: 0>
03:31:34 PM: DEBUG [personaDao.py:28] Persona a insertada: 
            Id Persona: None,Nombre: Pedro,
            Apellido: Najera, Email: pnajera@mail.com
        
03:31:34 PM: DEBUG [personaDao.py:35] Personas insertadas: 1
03:31:34 PM: DEBUG [conexion.py:35] Se abrió correctamente el cursor: <cursor object at 0x000002285276E3C0; closed: 0>
03:31:34 PM: DEBUG [personaDao.py:40] 
            Id Persona: 1,Nombre: Silvina,
            Apellido: Geromini, Email: silvinageromini@hotmail.es

        
03:31:34 PM: DEBUG [personaDao.py:40] 
            Id Persona: 2,Nombre: Agustin,
            Apellido: Ranea, Email: raa248373@gmail.com
        
03:31:34 PM: DEBUG [personaDao.py:40] 
            Id Persona: 3,Nombre: Milagros,
            Apellido: Ranea, Email: milagrosranea@gmail.com
        
03:31:34 PM: DEBUG [personaDao.py:40] 
            Id Persona: 4,Nombre: Miguel,
            Apellido: Ranea, Email: ingenieroagus@yahoo.com.ar
        
03:31:34 PM: DEBUG [personaDao.py:40] 
            Id Persona: 17,Nombre: Pedro,
            Apellido: Najera, Email: pnajera@mail.com
        
03:31:34 PM: DEBUG [personaDao.py:40] 
            Id Persona: 18,Nombre: Pedro,
            Apellido: Najera, Email: pnajera@mail.com
        
03:31:34 PM: DEBUG [personaDao.py:40] 
            Id Persona: 19,Nombre: Pedro,
            Apellido: Najera, Email: pnajera@mail.com
        
03:31:34 PM: DEBUG [personaDao.py:40] 
            Id Persona: 20,Nombre: Pedro,
            Apellido: Najera, Email: pnajera@mail.com
        
03:31:34 PM: DEBUG [personaDao.py:40] 
            Id Persona: 21,Nombre: Pedro,
            Apellido: Najera, Email: pnajera@mail.com
        
03:31:34 PM: DEBUG [personaDao.py:40] 
            Id Persona: 22,Nombre: Pedro,
            Apellido: Najera, Email: pnajera@mail.com
        
03:31:34 PM: DEBUG [personaDao.py:40] 
            Id Persona: 23,Nombre: Pedro,
            Apellido: Najera, Email: pnajera@mail.com
        
03:32:32 PM: DEBUG [conexion.py:23] Conexión Exitosa: <connection object at 0x0000028D3331C9D0; dsn: 'user=postgres password=xxx dbname=test_db host=127.0.0.1 port=5432', closed: 0>
03:32:32 PM: DEBUG [personaDao.py:28] Persona a insertada: 
            Id Persona: None,Nombre: Pedro,
            Apellido: Najera, Email: pnajera@mail.com
        
03:32:32 PM: DEBUG [personaDao.py:35] Personas insertadas: 1
03:32:32 PM: DEBUG [conexion.py:35] Se abrió correctamente el cursor: <cursor object at 0x0000028D351CE3C0; closed: 0>
03:32:32 PM: DEBUG [personaDao.py:40] 
            Id Persona: 1,Nombre: Silvina,
            Apellido: Geromini, Email: silvinageromini@hotmail.es

        
03:32:32 PM: DEBUG [personaDao.py:40] 
            Id Persona: 2,Nombre: Agustin,
            Apellido: Ranea, Email: raa248373@gmail.com
        
03:32:32 PM: DEBUG [personaDao.py:40] 
            Id Persona: 3,Nombre: Milagros,
            Apellido: Ranea, Email: milagrosranea@gmail.com
        
03:32:32 PM: DEBUG [personaDao.py:40] 
            Id Persona: 4,Nombre: Miguel,
            Apellido: Ranea, Email: ingenieroagus@yahoo.com.ar
        
03:32:32 PM: DEBUG [personaDao.py:40] 
            Id Persona: 24,Nombre: Pedro,
            Apellido: Najera, Email: pnajera@mail.com
        
03:40:32 PM: DEBUG [conexion.py:23] Conexión Exitosa: <connection object at 0x000002A185FFC9D0; dsn: 'user=postgres password=xxx dbname=test_db host=127.0.0.1 port=5432', closed: 0>
03:40:32 PM: DEBUG [conexion.py:35] Se abrió correctamente el cursor: <cursor object at 0x000002A18833E3C0; closed: 0>
03:40:32 PM: DEBUG [personaDao.py:37] Persona actualizada: 
            Id Persona: 5,Nombre: Maria Rosa,
            Apellido: Grimaldi, Email: titi@gmail.com
        
03:40:32 PM: DEBUG [personaDao.py:44] Personas actualizadas: 1
03:41:12 PM: DEBUG [conexion.py:23] Conexión Exitosa: <connection object at 0x0000021A011FC9D0; dsn: 'user=postgres password=xxx dbname=test_db host=127.0.0.1 port=5432', closed: 0>
03:41:12 PM: DEBUG [personaDao.py:37] Persona actualizada: 
            Id Persona: 5,Nombre: Maria Rosa,
            Apellido: Grimaldi, Email: titi@gmail.com
        
03:41:12 PM: DEBUG [personaDao.py:44] Personas actualizadas: 1
03:41:12 PM: DEBUG [conexion.py:35] Se abrió correctamente el cursor: <cursor object at 0x0000021A0308E3C0; closed: 0>
03:41:12 PM: DEBUG [personaDao.py:54] 
            Id Persona: 1,Nombre: Silvina,
            Apellido: Geromini, Email: silvinageromini@hotmail.es

        
03:41:12 PM: DEBUG [personaDao.py:54] 
            Id Persona: 2,Nombre: Agustin,
            Apellido: Ranea, Email: raa248373@gmail.com
        
03:41:12 PM: DEBUG [personaDao.py:54] 
            Id Persona: 3,Nombre: Milagros,
            Apellido: Ranea, Email: milagrosranea@gmail.com
        
03:41:12 PM: DEBUG [personaDao.py:54] 
            Id Persona: 4,Nombre: Miguel,
            Apellido: Ranea, Email: ingenieroagus@yahoo.com.ar
        
03:41:12 PM: DEBUG [personaDao.py:54] 
            Id Persona: 5,Nombre: Maria Rosa,
            Apellido: Grimaldi, Email: titi@gmail.com
        
03:41:53 PM: DEBUG [conexion.py:23] Conexión Exitosa: <connection object at 0x0000019BF982C9D0; dsn: 'user=postgres password=xxx dbname=test_db host=127.0.0.1 port=5432', closed: 0>
03:41:53 PM: DEBUG [personaDao.py:37] Persona actualizada: 
            Id Persona: 5,Nombre: Maria Rosa,
            Apellido: Grimaldi, Email: titi@gmail.com
        
03:41:53 PM: DEBUG [personaDao.py:44] Personas actualizadas: 1
03:42:02 PM: DEBUG [conexion.py:23] Conexión Exitosa: <connection object at 0x000002238CE2C9D0; dsn: 'user=postgres password=xxx dbname=test_db host=127.0.0.1 port=5432', closed: 0>
03:42:02 PM: DEBUG [personaDao.py:37] Persona actualizada: 
            Id Persona: 5,Nombre: Maria Rosa,
            Apellido: Grimaldi, Email: titi@gmail.com
        
03:42:02 PM: DEBUG [personaDao.py:44] Personas actualizadas: 1
03:42:02 PM: DEBUG [conexion.py:35] Se abrió correctamente el cursor: <cursor object at 0x000002238ECDE3C0; closed: 0>
03:42:02 PM: DEBUG [personaDao.py:54] 
            Id Persona: 1,Nombre: Silvina,
            Apellido: Geromini, Email: silvinageromini@hotmail.es

        
03:42:02 PM: DEBUG [personaDao.py:54] 
            Id Persona: 2,Nombre: Agustin,
            Apellido: Ranea, Email: raa248373@gmail.com
        
03:42:02 PM: DEBUG [personaDao.py:54] 
            Id Persona: 3,Nombre: Milagros,
            Apellido: Ranea, Email: milagrosranea@gmail.com
        
03:42:02 PM: DEBUG [personaDao.py:54] 
            Id Persona: 4,Nombre: Miguel,
            Apellido: Ranea, Email: ingenieroagus@yahoo.com.ar
        
03:42:02 PM: DEBUG [personaDao.py:54] 
            Id Persona: 5,Nombre: Maria Rosa,
            Apellido: Grimaldi, Email: titi@gmail.com
        
03:43:38 PM: DEBUG [conexion.py:23] Conexión Exitosa: <connection object at 0x000002ABF7A0C9D0; dsn: 'user=postgres password=xxx dbname=test_db host=127.0.0.1 port=5432', closed: 0>
03:43:38 PM: DEBUG [personaDao.py:38] Persona actualizada: 
            Id Persona: 5,Nombre: Maria Rosa,
            Apellido: Grimaldi, Email: titi@gmail.com
        
03:43:38 PM: DEBUG [personaDao.py:45] Personas actualizadas: 1
03:43:38 PM: DEBUG [personaDao.py:55] 
            Id Persona: 1,Nombre: Silvina,
            Apellido: Geromini, Email: silvinageromini@hotmail.es

        
03:43:38 PM: DEBUG [personaDao.py:55] 
            Id Persona: 2,Nombre: Agustin,
            Apellido: Ranea, Email: raa248373@gmail.com
        
03:43:38 PM: DEBUG [personaDao.py:55] 
            Id Persona: 3,Nombre: Milagros,
            Apellido: Ranea, Email: milagrosranea@gmail.com
        
03:43:38 PM: DEBUG [personaDao.py:55] 
            Id Persona: 4,Nombre: Miguel,
            Apellido: Ranea, Email: ingenieroagus@yahoo.com.ar
        
03:43:38 PM: DEBUG [personaDao.py:55] 
            Id Persona: 5,Nombre: Maria Rosa,
            Apellido: Grimaldi, Email: titi@gmail.com
        
03:47:13 PM: DEBUG [conexion.py:23] Conexión Exitosa: <connection object at 0x00000189E59EC9D0; dsn: 'user=postgres password=xxx dbname=test_db host=127.0.0.1 port=5432', closed: 0>
03:47:13 PM: DEBUG [personaDao.py:47] Objeto eliminado: 
            Id Persona: 5,Nombre: None,
            Apellido: None, Email: None
        
03:47:13 PM: DEBUG [personaDao.py:54] Personas eliminadas: 1
03:47:13 PM: DEBUG [personaDao.py:69] 
            Id Persona: 1,Nombre: Silvina,
            Apellido: Geromini, Email: silvinageromini@hotmail.es

        
03:47:13 PM: DEBUG [personaDao.py:69] 
            Id Persona: 2,Nombre: Agustin,
            Apellido: Ranea, Email: raa248373@gmail.com
        
03:47:13 PM: DEBUG [personaDao.py:69] 
            Id Persona: 3,Nombre: Milagros,
            Apellido: Ranea, Email: milagrosranea@gmail.com
        
03:47:13 PM: DEBUG [personaDao.py:69] 
            Id Persona: 4,Nombre: Miguel,
            Apellido: Ranea, Email: ingenieroagus@yahoo.com.ar
        
